17:27:35 INFO:_________________________________________________________________________
17:27:35 INFO:  ____          _           _                _                    
17:27:35 INFO: / ___|___   __| | ___     / \   _ __   __ _| |_   _ _______ _ __ 
17:27:35 INFO:| |   / _ \ / _` |/ _ \   / _ \ | '_ \ / _` | | | | |_  / _ \ '__|
17:27:35 INFO:| |__| (_) | (_| |  __/  / ___ \| | | | (_| | | |_| |/ /  __/ |   
17:27:35 INFO: \____\___/ \__,_|\___| /_/   \_\_| |_|\__,_|_|\__, /___\___|_|   
17:27:35 INFO:                                               |___/              ver1.13
17:27:35 INFO:Please be noted that the check result can only be used for reference.
17:27:35 INFO:_________________________________________________________________________
17:27:49 INFO:Loading project.json file.
17:27:49 DEBUG:Remove main file: Main.xaml
17:27:49 INFO:main file is Main.xaml
17:27:49 INFO:  9% | ( 1/11) Loading: Main.xaml
17:27:49 INFO: 18% | ( 2/11) Loading: CheckFilesExist.xaml
17:27:49 INFO: 27% | ( 3/11) Loading: CheckSAPProcess.xaml
17:27:49 INFO: 36% | ( 4/11) Loading: DownloadBSFiles.xaml
17:27:49 INFO: 45% | ( 5/11) Loading: DownloadTBFile.xaml
17:27:49 INFO: 54% | ( 6/11) Loading: ExceptionLogMessage.xaml
17:27:49 INFO: 63% | ( 7/11) Loading: GenerateEndingBalance.xaml
17:27:49 INFO: 72% | ( 8/11) Loading: GenerationTrackerFile.xaml
17:27:49 INFO: 81% | ( 9/11) Loading: InitializationExcelData.xaml
17:27:49 INFO: 90% | (10/11) Loading: KillAllDialogs.xaml
17:27:49 INFO:100% | (11/11) Loading: LoginSapSystem.xaml
17:27:49 INFO:Elapsed time: 0.04 second
17:27:49 INFO:Creating CodeAnalzyer report.
17:27:49 INFO:Output Overview sheet.
17:27:49 INFO:Output sheet for each xaml file.
17:27:49 INFO:Creating IssueList.
17:27:49 INFO:Output Issue List sheet.
17:27:49 INFO:Output Argument / Variable List sheet.
